# JRE version: OpenJDK Runtime Environment (Red_Hat-11.0.17.0.8-2.el7_9) (11.0.17+8) (build 11.0.17+8-LTS)
# Java VM: OpenJDK 64-Bit Server VM (Red_Hat-11.0.17.0.8-2.el7_9) (11.0.17+8-LTS, mixed mode, sharing, tiered, compressed oops, g1 gc, linux-amd64)
Heap:
 garbage-first heap   total 638976K, used 70669K [0x00000000a5400000, 0x0000000100000000)
  region size 1024K, 8 young (8192K), 8 survivors (8192K)
 Metaspace       used 73267K, capacity 76108K, committed 76312K, reserved 1116160K
  class space    used 8498K, capacity 9504K, committed 9600K, reserved 1048576K
GC Heap History (20 events):
Event: 11.780 GC heap after
{Heap after GC invocations=28 (full 0):
 garbage-first heap   total 132096K, used 64936K [0x00000000a5400000, 0x0000000100000000)
  region size 1024K, 5 young (5120K), 5 survivors (5120K)
 Metaspace       used 71913K, capacity 74659K, committed 74904K, reserved 1114112K
  class space    used 8398K, capacity 9375K, committed 9472K, reserved 1048576K
}
Event: 11.781 GC heap before
{Heap before GC invocations=28 (full 0):
 garbage-first heap   total 132096K, used 65960K [0x00000000a5400000, 0x0000000100000000)
  region size 1024K, 6 young (6144K), 5 survivors (5120K)
 Metaspace       used 71913K, capacity 74659K, committed 74904K, reserved 1114112K
  class space    used 8398K, capacity 9375K, committed 9472K, reserved 1048576K
}
Event: 11.788 GC heap after
{Heap after GC invocations=29 (full 0):
 garbage-first heap   total 132096K, used 59810K [0x00000000a5400000, 0x0000000100000000)
  region size 1024K, 1 young (1024K), 1 survivors (1024K)
 Metaspace       used 71913K, capacity 74659K, committed 74904K, reserved 1114112K
  class space    used 8398K, capacity 9375K, committed 9472K, reserved 1048576K
}
Event: 11.839 GC heap before
{Heap before GC invocations=29 (full 0):
 garbage-first heap   total 132096K, used 66978K [0x00000000a5400000, 0x0000000100000000)
  region size 1024K, 9 young (9216K), 1 survivors (1024K)
 Metaspace       used 71979K, capacity 74674K, committed 74904K, reserved 1114112K
  class space    used 8406K, capacity 9380K, committed 9472K, reserved 1048576K
}
Event: 11.843 GC heap after
{Heap after GC invocations=30 (full 0):
 garbage-first heap   total 158720K, used 59715K [0x00000000a5400000, 0x0000000100000000)
  region size 1024K, 2 young (2048K), 2 survivors (2048K)
 Metaspace       used 71979K, capacity 74674K, committed 74904K, reserved 1114112K
  class space    used 8406K, capacity 9380K, committed 9472K, reserved 1048576K
}
Event: 11.995 GC heap before
{Heap before GC invocations=31 (full 0):
 garbage-first heap   total 158720K, used 120131K [0x00000000a5400000, 0x0000000100000000)
  region size 1024K, 58 young (59392K), 2 survivors (2048K)
 Metaspace       used 72016K, capacity 74739K, committed 74904K, reserved 1114112K
  class space    used 8406K, capacity 9380K, committed 9472K, reserved 1048576K
}
Event: 11.999 GC heap after
{Heap after GC invocations=32 (full 0):
 garbage-first heap   total 158720K, used 63508K [0x00000000a5400000, 0x0000000100000000)
  region size 1024K, 5 young (5120K), 5 survivors (5120K)
 Metaspace       used 72016K, capacity 74739K, committed 74904K, reserved 1114112K
  class space    used 8406K, capacity 9380K, committed 9472K, reserved 1048576K
}
Event: 12.001 GC heap before
{Heap before GC invocations=32 (full 0):
 garbage-first heap   total 158720K, used 65556K [0x00000000a5400000, 0x0000000100000000)
  region size 1024K, 7 young (7168K), 5 survivors (5120K)
 Metaspace       used 72016K, capacity 74739K, committed 74904K, reserved 1114112K
  class space    used 8406K, capacity 9380K, committed 9472K, reserved 1048576K
}
Event: 12.004 GC heap after
{Heap after GC invocations=33 (full 0):
 garbage-first heap   total 158720K, used 60714K [0x00000000a5400000, 0x0000000100000000)
  region size 1024K, 1 young (1024K), 1 survivors (1024K)
 Metaspace       used 72016K, capacity 74739K, committed 74904K, reserved 1114112K
  class space    used 8406K, capacity 9380K, committed 9472K, reserved 1048576K
}
Event: 12.166 GC heap before
{Heap before GC invocations=33 (full 0):
 garbage-first heap   total 158720K, used 122154K [0x00000000a5400000, 0x0000000100000000)
  region size 1024K, 58 young (59392K), 1 survivors (1024K)
 Metaspace       used 72208K, capacity 74963K, committed 75160K, reserved 1116160K
  class space    used 8415K, capacity 9390K, committed 9472K, reserved 1048576K
}
Event: 12.172 GC heap after
{Heap after GC invocations=34 (full 0):
 garbage-first heap   total 158720K, used 66610K [0x00000000a5400000, 0x0000000100000000)
  region size 1024K, 6 young (6144K), 6 survivors (6144K)
 Metaspace       used 72208K, capacity 74963K, committed 75160K, reserved 1116160K
  class space    used 8415K, capacity 9390K, committed 9472K, reserved 1048576K
}
Event: 12.290 GC heap before
{Heap before GC invocations=34 (full 0):
 garbage-first heap   total 158720K, used 124978K [0x00000000a5400000, 0x0000000100000000)
  region size 1024K, 59 young (60416K), 6 survivors (6144K)
 Metaspace       used 72256K, capacity 75038K, committed 75416K, reserved 1116160K
  class space    used 8417K, capacity 9394K, committed 9472K, reserved 1048576K
}
Event: 12.296 GC heap after
{Heap after GC invocations=35 (full 0):
 garbage-first heap   total 212992K, used 66408K [0x00000000a5400000, 0x0000000100000000)
  region size 1024K, 5 young (5120K), 5 survivors (5120K)
 Metaspace       used 72256K, capacity 75038K, committed 75416K, reserved 1116160K
  class space    used 8417K, capacity 9394K, committed 9472K, reserved 1048576K
}
Event: 12.899 GC heap before
{Heap before GC invocations=35 (full 0):
 garbage-first heap   total 212992K, used 164712K [0x00000000a5400000, 0x0000000100000000)
  region size 1024K, 96 young (98304K), 5 survivors (5120K)
 Metaspace       used 72415K, capacity 75152K, committed 75416K, reserved 1116160K
  class space    used 8426K, capacity 9408K, committed 9472K, reserved 1048576K
}
Event: 13.191 GC heap after
{Heap after GC invocations=36 (full 0):
 garbage-first heap   total 212992K, used 66174K [0x00000000a5400000, 0x0000000100000000)
  region size 1024K, 5 young (5120K), 5 survivors (5120K)
 Metaspace       used 72415K, capacity 75152K, committed 75416K, reserved 1116160K
  class space    used 8426K, capacity 9408K, committed 9472K, reserved 1048576K
}
Event: 17.111 GC heap before
{Heap before GC invocations=36 (full 0):
 garbage-first heap   total 212992K, used 177790K [0x00000000a5400000, 0x0000000100000000)
  region size 1024K, 107 young (109568K), 5 survivors (5120K)
 Metaspace       used 72666K, capacity 75498K, committed 75672K, reserved 1116160K
  class space    used 8444K, capacity 9457K, committed 9472K, reserved 1048576K
}
Event: 18.058 GC heap after
{Heap after GC invocations=37 (full 0):
 garbage-first heap   total 212992K, used 64646K [0x00000000a5400000, 0x0000000100000000)
  region size 1024K, 4 young (4096K), 4 survivors (4096K)
 Metaspace       used 72666K, capacity 75498K, committed 75672K, reserved 1116160K
  class space    used 8444K, capacity 9457K, committed 9472K, reserved 1048576K
}
Event: 20.486 GC heap before
{Heap before GC invocations=37 (full 0):
 garbage-first heap   total 212992K, used 83078K [0x00000000a5400000, 0x0000000100000000)
  region size 1024K, 22 young (22528K), 4 survivors (4096K)
 Metaspace       used 72719K, capacity 75508K, committed 75672K, reserved 1116160K
  class space    used 8444K, capacity 9457K, committed 9472K, reserved 1048576K
}
Event: 20.511 GC heap after
{Heap after GC invocations=38 (full 0):
 garbage-first heap   total 212992K, used 65660K [0x00000000a5400000, 0x0000000100000000)
  region size 1024K, 3 young (3072K), 3 survivors (3072K)
 Metaspace       used 72719K, capacity 75508K, committed 75672K, reserved 1116160K
  class space    used 8444K, capacity 9457K, committed 9472K, reserved 1048576K
}
Event: 172.301 GC heap before
{Heap before GC invocations=38 (full 0):
 garbage-first heap   total 212992K, used 176252K [0x00000000a5400000, 0x0000000100000000)
  region size 1024K, 106 young (108544K), 3 survivors (3072K)
 Metaspace       used 73267K, capacity 76108K, committed 76312K, reserved 1116160K
  class space    used 8498K, capacity 9504K, committed 9600K, reserved 1048576K
}

