# JRE version: OpenJDK Runtime Environment (Red_Hat-11.0.16.1.1-1.el7_9) (11.0.16.1+1) (build 11.0.16.1+1-LTS)
# Java VM: OpenJDK 64-Bit Server VM (Red_Hat-11.0.16.1.1-1.el7_9) (11.0.16.1+1-LTS, mixed mode, sharing, tiered, compressed oops, g1 gc, linux-amd64)
Heap:
 garbage-first heap   total 486400K, used 66820K [0x00000000c4c00000, 0x0000000100000000)
  region size 1024K, 5 young (5120K), 5 survivors (5120K)
 Metaspace       used 71424K, capacity 74241K, committed 74576K, reserved 1114112K
  class space    used 8380K, capacity 9388K, committed 9472K, reserved 1048576K
GC Heap History (20 events):
Event: 54.706 GC heap after
{Heap after GC invocations=27 (full 0):
 garbage-first heap   total 162816K, used 60541K [0x00000000c4c00000, 0x0000000100000000)
  region size 1024K, 1 young (1024K), 1 survivors (1024K)
 Metaspace       used 69902K, capacity 72663K, committed 72912K, reserved 1114112K
  class space    used 8293K, capacity 9263K, committed 9344K, reserved 1048576K
}
Event: 54.978 GC heap before
{Heap before GC invocations=27 (full 0):
 garbage-first heap   total 162816K, used 109693K [0x00000000c4c00000, 0x0000000100000000)
  region size 1024K, 46 young (47104K), 1 survivors (1024K)
 Metaspace       used 70023K, capacity 72782K, committed 72912K, reserved 1114112K
  class space    used 8304K, capacity 9280K, committed 9344K, reserved 1048576K
}
Event: 54.994 GC heap after
{Heap after GC invocations=28 (full 0):
 garbage-first heap   total 162816K, used 64802K [0x00000000c4c00000, 0x0000000100000000)
  region size 1024K, 6 young (6144K), 6 survivors (6144K)
 Metaspace       used 70023K, capacity 72782K, committed 72912K, reserved 1114112K
  class space    used 8304K, capacity 9280K, committed 9344K, reserved 1048576K
}
Event: 55.358 GC heap before
{Heap before GC invocations=28 (full 0):
 garbage-first heap   total 162816K, used 112930K [0x00000000c4c00000, 0x0000000100000000)
  region size 1024K, 51 young (52224K), 6 survivors (6144K)
 Metaspace       used 70269K, capacity 72970K, committed 73168K, reserved 1114112K
  class space    used 8326K, capacity 9299K, committed 9344K, reserved 1048576K
}
Event: 55.368 GC heap after
{Heap after GC invocations=29 (full 0):
 garbage-first heap   total 162816K, used 64450K [0x00000000c4c00000, 0x0000000100000000)
  region size 1024K, 5 young (5120K), 5 survivors (5120K)
 Metaspace       used 70269K, capacity 72970K, committed 73168K, reserved 1114112K
  class space    used 8326K, capacity 9299K, committed 9344K, reserved 1048576K
}
Event: 55.685 GC heap before
{Heap before GC invocations=29 (full 0):
 garbage-first heap   total 162816K, used 116674K [0x00000000c4c00000, 0x0000000100000000)
  region size 1024K, 52 young (53248K), 5 survivors (5120K)
 Metaspace       used 70425K, capacity 73108K, committed 73424K, reserved 1114112K
  class space    used 8327K, capacity 9300K, committed 9344K, reserved 1048576K
}
Event: 55.697 GC heap after
{Heap after GC invocations=30 (full 0):
 garbage-first heap   total 162816K, used 65473K [0x00000000c4c00000, 0x0000000100000000)
  region size 1024K, 5 young (5120K), 5 survivors (5120K)
 Metaspace       used 70425K, capacity 73108K, committed 73424K, reserved 1114112K
  class space    used 8327K, capacity 9300K, committed 9344K, reserved 1048576K
}
Event: 55.948 GC heap before
{Heap before GC invocations=30 (full 0):
 garbage-first heap   total 162816K, used 118721K [0x00000000c4c00000, 0x0000000100000000)
  region size 1024K, 54 young (55296K), 5 survivors (5120K)
 Metaspace       used 70543K, capacity 73253K, committed 73424K, reserved 1114112K
  class space    used 8337K, capacity 9305K, committed 9344K, reserved 1048576K
}
Event: 55.954 GC heap after
{Heap after GC invocations=31 (full 0):
 garbage-first heap   total 162816K, used 65244K [0x00000000c4c00000, 0x0000000100000000)
  region size 1024K, 5 young (5120K), 5 survivors (5120K)
 Metaspace       used 70543K, capacity 73253K, committed 73424K, reserved 1114112K
  class space    used 8337K, capacity 9305K, committed 9344K, reserved 1048576K
}
Event: 56.217 GC heap before
{Heap before GC invocations=31 (full 0):
 garbage-first heap   total 162816K, used 121564K [0x00000000c4c00000, 0x0000000100000000)
  region size 1024K, 56 young (57344K), 5 survivors (5120K)
 Metaspace       used 70604K, capacity 73318K, committed 73424K, reserved 1114112K
  class space    used 8338K, capacity 9305K, committed 9344K, reserved 1048576K
}
Event: 56.834 GC heap after
{Heap after GC invocations=32 (full 0):
 garbage-first heap   total 162816K, used 65827K [0x00000000c4c00000, 0x0000000100000000)
  region size 1024K, 4 young (4096K), 4 survivors (4096K)
 Metaspace       used 70604K, capacity 73318K, committed 73424K, reserved 1114112K
  class space    used 8338K, capacity 9305K, committed 9344K, reserved 1048576K
}
Event: 57.225 GC heap before
{Heap before GC invocations=32 (full 0):
 garbage-first heap   total 162816K, used 123171K [0x00000000c4c00000, 0x0000000100000000)
  region size 1024K, 56 young (57344K), 4 survivors (4096K)
 Metaspace       used 70822K, capacity 73612K, committed 73680K, reserved 1114112K
  class space    used 8346K, capacity 9315K, committed 9344K, reserved 1048576K
}
Event: 57.230 GC heap after
{Heap after GC invocations=33 (full 0):
 garbage-first heap   total 162816K, used 64483K [0x00000000c4c00000, 0x0000000100000000)
  region size 1024K, 3 young (3072K), 3 survivors (3072K)
 Metaspace       used 70822K, capacity 73612K, committed 73680K, reserved 1114112K
  class space    used 8346K, capacity 9315K, committed 9344K, reserved 1048576K
}
Event: 57.421 GC heap before
{Heap before GC invocations=33 (full 0):
 garbage-first heap   total 162816K, used 126947K [0x00000000c4c00000, 0x0000000100000000)
  region size 1024K, 61 young (62464K), 3 survivors (3072K)
 Metaspace       used 70857K, capacity 73677K, committed 73936K, reserved 1114112K
  class space    used 8348K, capacity 9315K, committed 9344K, reserved 1048576K
}
Event: 57.436 GC heap after
{Heap after GC invocations=34 (full 0):
 garbage-first heap   total 162816K, used 67235K [0x00000000c4c00000, 0x0000000100000000)
  region size 1024K, 6 young (6144K), 6 survivors (6144K)
 Metaspace       used 70857K, capacity 73677K, committed 73936K, reserved 1114112K
  class space    used 8348K, capacity 9315K, committed 9344K, reserved 1048576K
}
Event: 57.726 GC heap before
{Heap before GC invocations=34 (full 0):
 garbage-first heap   total 162816K, used 128675K [0x00000000c4c00000, 0x0000000100000000)
  region size 1024K, 63 young (64512K), 6 survivors (6144K)
 Metaspace       used 71055K, capacity 73891K, committed 74192K, reserved 1114112K
  class space    used 8363K, capacity 9339K, committed 9344K, reserved 1048576K
}
Event: 57.739 GC heap after
{Heap after GC invocations=35 (full 0):
 garbage-first heap   total 162816K, used 67726K [0x00000000c4c00000, 0x0000000100000000)
  region size 1024K, 6 young (6144K), 6 survivors (6144K)
 Metaspace       used 71055K, capacity 73891K, committed 74192K, reserved 1114112K
  class space    used 8363K, capacity 9339K, committed 9344K, reserved 1048576K
}
Event: 58.456 GC heap before
{Heap before GC invocations=35 (full 0):
 garbage-first heap   total 162816K, used 127118K [0x00000000c4c00000, 0x0000000100000000)
  region size 1024K, 62 young (63488K), 6 survivors (6144K)
 Metaspace       used 71314K, capacity 74110K, committed 74320K, reserved 1114112K
  class space    used 8380K, capacity 9388K, committed 9472K, reserved 1048576K
}
Event: 58.473 GC heap after
{Heap after GC invocations=36 (full 0):
 garbage-first heap   total 162816K, used 68149K [0x00000000c4c00000, 0x0000000100000000)
  region size 1024K, 6 young (6144K), 6 survivors (6144K)
 Metaspace       used 71314K, capacity 74110K, committed 74320K, reserved 1114112K
  class space    used 8380K, capacity 9388K, committed 9472K, reserved 1048576K
}
Event: 58.793 GC heap before
{Heap before GC invocations=36 (full 0):
 garbage-first heap   total 162816K, used 129589K [0x00000000c4c00000, 0x0000000100000000)
  region size 1024K, 63 young (64512K), 6 survivors (6144K)
 Metaspace       used 71424K, capacity 74241K, committed 74576K, reserved 1114112K
  class space    used 8380K, capacity 9388K, committed 9472K, reserved 1048576K
}

